<?xml version="1.0" encoding="UTF-8"?>
<testsuite name="com.gingerbreadshed.famokosdk.AppTest" tests="1" skipped="0" failures="0" errors="0" timestamp="2018-08-21T23:24:50" hostname="Andrews-Macbook-Pro-2.local" time="0.001">
  <properties/>
  <testcase name="testApp" classname="com.gingerbreadshed.famokosdk.AppTest" time="0.001"/>
  <system-out><![CDATA[]]></system-out>
  <system-err><![CDATA[]]></system-err>
</testsuite>
